{"/Users/nals_macbook_275/Desktop/office/front-end-unitest/src/counter.ts": {"path":"/Users/nals_macbook_275/Desktop/office/front-end-unitest/src/counter.ts","all":false,"statementMap":{"0":{"start":{"line":1,"column":0},"end":{"line":1,"column":58}},"1":{"start":{"line":2,"column":0},"end":{"line":2,"column":17}},"2":{"start":{"line":3,"column":0},"end":{"line":3,"column":41}},"3":{"start":{"line":4,"column":0},"end":{"line":4,"column":19}},"4":{"start":{"line":5,"column":0},"end":{"line":5,"column":18}},"5":{"start":{"line":6,"column":0},"end":{"line":6,"column":47}},"6":{"start":{"line":7,"column":0},"end":{"line":7,"column":12}},"7":{"start":{"line":8,"column":0},"end":{"line":8,"column":65}},"8":{"start":{"line":9,"column":0},"end":{"line":9,"column":5}},"9":{"start":{"line":10,"column":0},"end":{"line":10,"column":3}},"10":{"start":{"line":11,"column":0},"end":{"line":11,"column":16}},"11":{"start":{"line":12,"column":0},"end":{"line":12,"column":68}},"12":{"start":{"line":13,"column":0},"end":{"line":13,"column":10}},"13":{"start":{"line":14,"column":0},"end":{"line":14,"column":63}},"14":{"start":{"line":15,"column":0},"end":{"line":15,"column":3}},"15":{"start":{"line":16,"column":0},"end":{"line":16,"column":15}},"16":{"start":{"line":17,"column":0},"end":{"line":17,"column":1}}},"s":{"0":1,"1":6,"2":6,"3":9,"4":9,"5":5,"6":9,"7":4,"8":4,"9":9,"10":6,"11":2,"12":4,"13":4,"14":4,"15":6,"16":6},"branchMap":{"0":{"type":"branch","line":1,"loc":{"start":{"line":1,"column":7},"end":{"line":17,"column":1}},"locations":[{"start":{"line":1,"column":7},"end":{"line":17,"column":1}}]},"1":{"type":"branch","line":11,"loc":{"start":{"line":11,"column":15},"end":{"line":15,"column":3}},"locations":[{"start":{"line":11,"column":15},"end":{"line":15,"column":3}}]},"2":{"type":"branch","line":11,"loc":{"start":{"line":11,"column":15},"end":{"line":13,"column":9}},"locations":[{"start":{"line":11,"column":15},"end":{"line":13,"column":9}}]},"3":{"type":"branch","line":3,"loc":{"start":{"line":3,"column":21},"end":{"line":10,"column":3}},"locations":[{"start":{"line":3,"column":21},"end":{"line":10,"column":3}}]},"4":{"type":"branch","line":5,"loc":{"start":{"line":5,"column":17},"end":{"line":7,"column":11}},"locations":[{"start":{"line":5,"column":17},"end":{"line":7,"column":11}}]},"5":{"type":"branch","line":7,"loc":{"start":{"line":7,"column":4},"end":{"line":9,"column":5}},"locations":[{"start":{"line":7,"column":4},"end":{"line":9,"column":5}}]},"6":{"type":"branch","line":12,"loc":{"start":{"line":12,"column":38},"end":{"line":12,"column":67}},"locations":[{"start":{"line":12,"column":38},"end":{"line":12,"column":67}}]}},"b":{"0":[6],"1":[4],"2":[2],"3":[9],"4":[5],"5":[4],"6":[3]},"fnMap":{"0":{"name":"setupCounter","decl":{"start":{"line":1,"column":7},"end":{"line":17,"column":1}},"loc":{"start":{"line":1,"column":7},"end":{"line":17,"column":1}},"line":1},"1":{"name":"setCounter","decl":{"start":{"line":3,"column":21},"end":{"line":10,"column":3}},"loc":{"start":{"line":3,"column":21},"end":{"line":10,"column":3}},"line":3}},"f":{"0":6,"1":9}}
,"/Users/nals_macbook_275/Desktop/office/front-end-unitest/src/main.ts": {"path":"/Users/nals_macbook_275/Desktop/office/front-end-unitest/src/main.ts","all":false,"statementMap":{"0":{"start":{"line":1,"column":0},"end":{"line":1,"column":20}},"1":{"start":{"line":2,"column":0},"end":{"line":2,"column":45}},"2":{"start":{"line":3,"column":0},"end":{"line":3,"column":32}},"3":{"start":{"line":4,"column":0},"end":{"line":4,"column":40}},"5":{"start":{"line":6,"column":0},"end":{"line":6,"column":33}},"6":{"start":{"line":7,"column":0},"end":{"line":7,"column":63}},"9":{"start":{"line":10,"column":0},"end":{"line":10,"column":62}},"12":{"start":{"line":13,"column":0},"end":{"line":13,"column":82}},"23":{"start":{"line":24,"column":0},"end":{"line":24,"column":2}},"25":{"start":{"line":26,"column":0},"end":{"line":26,"column":68}}},"s":{"0":1,"1":1,"2":1,"3":1,"5":1,"6":2,"9":2,"12":2,"23":2,"25":1},"branchMap":{"0":{"type":"branch","line":6,"loc":{"start":{"line":6,"column":16},"end":{"line":24,"column":2}},"locations":[{"start":{"line":6,"column":16},"end":{"line":24,"column":2}}]}},"b":{"0":[2]},"fnMap":{"0":{"name":"what","decl":{"start":{"line":6,"column":16},"end":{"line":24,"column":2}},"loc":{"start":{"line":6,"column":16},"end":{"line":24,"column":2}},"line":6}},"f":{"0":2}}
,"/Users/nals_macbook_275/Desktop/office/front-end-unitest/src/models/order.model.ts": {"path":"/Users/nals_macbook_275/Desktop/office/front-end-unitest/src/models/order.model.ts","all":true,"statementMap":{},"s":{},"branchMap":{"0":{"type":"branch","line":1,"loc":{"start":{"line":1,"column":291},"end":{"line":16,"column":1}},"locations":[{"start":{"line":1,"column":291},"end":{"line":16,"column":1}}]}},"b":{"0":[1]},"fnMap":{"0":{"name":"(empty-report)","decl":{"start":{"line":1,"column":291},"end":{"line":16,"column":1}},"loc":{"start":{"line":1,"column":291},"end":{"line":16,"column":1}},"line":1}},"f":{"0":1}}
,"/Users/nals_macbook_275/Desktop/office/front-end-unitest/src/models/payment.model.ts": {"path":"/Users/nals_macbook_275/Desktop/office/front-end-unitest/src/models/payment.model.ts","all":false,"statementMap":{"0":{"start":{"line":1,"column":0},"end":{"line":1,"column":27}},"1":{"start":{"line":2,"column":0},"end":{"line":2,"column":20}},"2":{"start":{"line":3,"column":0},"end":{"line":3,"column":20}},"3":{"start":{"line":4,"column":0},"end":{"line":4,"column":18}}},"s":{"0":1,"1":1,"2":1,"3":1},"branchMap":{"0":{"type":"branch","line":1,"loc":{"start":{"line":1,"column":7},"end":{"line":1,"column":27}},"locations":[{"start":{"line":1,"column":7},"end":{"line":1,"column":27}}]}},"b":{"0":[1]},"fnMap":{},"f":{}}
,"/Users/nals_macbook_275/Desktop/office/front-end-unitest/src/services/order.service.ts": {"path":"/Users/nals_macbook_275/Desktop/office/front-end-unitest/src/services/order.service.ts","all":false,"statementMap":{"4":{"start":{"line":5,"column":0},"end":{"line":5,"column":27}},"5":{"start":{"line":6,"column":0},"end":{"line":6,"column":65}},"7":{"start":{"line":8,"column":0},"end":{"line":8,"column":40}},"8":{"start":{"line":9,"column":0},"end":{"line":9,"column":31}},"9":{"start":{"line":10,"column":0},"end":{"line":10,"column":50}},"10":{"start":{"line":11,"column":0},"end":{"line":11,"column":5}},"12":{"start":{"line":13,"column":0},"end":{"line":13,"column":74}},"13":{"start":{"line":14,"column":0},"end":{"line":14,"column":49}},"14":{"start":{"line":15,"column":0},"end":{"line":15,"column":5}},"16":{"start":{"line":17,"column":0},"end":{"line":17,"column":92}},"23":{"start":{"line":24,"column":0},"end":{"line":24,"column":25}},"24":{"start":{"line":25,"column":0},"end":{"line":25,"column":107}},"25":{"start":{"line":26,"column":0},"end":{"line":26,"column":43}},"27":{"start":{"line":28,"column":0},"end":{"line":28,"column":20}},"28":{"start":{"line":29,"column":0},"end":{"line":29,"column":42}},"29":{"start":{"line":30,"column":0},"end":{"line":30,"column":7}},"31":{"start":{"line":32,"column":0},"end":{"line":32,"column":36}},"33":{"start":{"line":34,"column":0},"end":{"line":34,"column":27}},"34":{"start":{"line":35,"column":0},"end":{"line":35,"column":23}},"35":{"start":{"line":36,"column":0},"end":{"line":36,"column":7}},"36":{"start":{"line":37,"column":0},"end":{"line":37,"column":5}},"38":{"start":{"line":39,"column":0},"end":{"line":39,"column":26}},"39":{"start":{"line":40,"column":0},"end":{"line":40,"column":15}},"40":{"start":{"line":41,"column":0},"end":{"line":41,"column":17}},"41":{"start":{"line":42,"column":0},"end":{"line":42,"column":72}},"42":{"start":{"line":43,"column":0},"end":{"line":43,"column":5}},"44":{"start":{"line":45,"column":0},"end":{"line":45,"column":92}},"45":{"start":{"line":46,"column":0},"end":{"line":46,"column":21}},"46":{"start":{"line":47,"column":0},"end":{"line":47,"column":41}},"47":{"start":{"line":48,"column":0},"end":{"line":48,"column":53}},"48":{"start":{"line":49,"column":0},"end":{"line":49,"column":7}},"50":{"start":{"line":51,"column":0},"end":{"line":51,"column":52}},"52":{"start":{"line":53,"column":0},"end":{"line":53,"column":49}},"53":{"start":{"line":54,"column":0},"end":{"line":54,"column":3}},"54":{"start":{"line":55,"column":0},"end":{"line":55,"column":1}}},"s":{"4":1,"5":1,"7":1,"8":6,"9":1,"10":1,"12":6,"13":1,"14":1,"16":4,"23":6,"24":3,"25":3,"27":3,"28":1,"29":1,"31":2,"33":3,"34":1,"35":1,"36":3,"38":3,"39":3,"40":3,"41":3,"42":3,"44":3,"45":3,"46":3,"47":3,"48":3,"50":3,"52":3,"53":6,"54":1},"branchMap":{"0":{"type":"branch","line":6,"loc":{"start":{"line":6,"column":2},"end":{"line":6,"column":65}},"locations":[{"start":{"line":6,"column":2},"end":{"line":6,"column":65}}]},"1":{"type":"branch","line":8,"loc":{"start":{"line":8,"column":2},"end":{"line":54,"column":3}},"locations":[{"start":{"line":8,"column":2},"end":{"line":54,"column":3}}]},"2":{"type":"branch","line":9,"loc":{"start":{"line":9,"column":15},"end":{"line":9,"column":30}},"locations":[{"start":{"line":9,"column":15},"end":{"line":9,"column":30}}]},"3":{"type":"branch","line":9,"loc":{"start":{"line":9,"column":30},"end":{"line":11,"column":5}},"locations":[{"start":{"line":9,"column":30},"end":{"line":11,"column":5}}]},"4":{"type":"branch","line":11,"loc":{"start":{"line":11,"column":4},"end":{"line":13,"column":73}},"locations":[{"start":{"line":11,"column":4},"end":{"line":13,"column":73}}]},"5":{"type":"branch","line":13,"loc":{"start":{"line":13,"column":73},"end":{"line":15,"column":5}},"locations":[{"start":{"line":13,"column":73},"end":{"line":15,"column":5}}]},"6":{"type":"branch","line":15,"loc":{"start":{"line":15,"column":4},"end":{"line":24,"column":24}},"locations":[{"start":{"line":15,"column":4},"end":{"line":24,"column":24}}]},"7":{"type":"branch","line":24,"loc":{"start":{"line":24,"column":24},"end":{"line":53,"column":49}},"locations":[{"start":{"line":24,"column":24},"end":{"line":53,"column":49}}]},"8":{"type":"branch","line":28,"loc":{"start":{"line":28,"column":19},"end":{"line":30,"column":7}},"locations":[{"start":{"line":28,"column":19},"end":{"line":30,"column":7}}]},"9":{"type":"branch","line":30,"loc":{"start":{"line":30,"column":6},"end":{"line":34,"column":26}},"locations":[{"start":{"line":30,"column":6},"end":{"line":34,"column":26}}]},"10":{"type":"branch","line":34,"loc":{"start":{"line":34,"column":26},"end":{"line":36,"column":7}},"locations":[{"start":{"line":34,"column":26},"end":{"line":36,"column":7}}]},"11":{"type":"branch","line":13,"loc":{"start":{"line":13,"column":25},"end":{"line":13,"column":70}},"locations":[{"start":{"line":13,"column":25},"end":{"line":13,"column":70}}]},"12":{"type":"branch","line":13,"loc":{"start":{"line":13,"column":47},"end":{"line":13,"column":70}},"locations":[{"start":{"line":13,"column":47},"end":{"line":13,"column":70}}]},"13":{"type":"branch","line":17,"loc":{"start":{"line":17,"column":40},"end":{"line":17,"column":89}},"locations":[{"start":{"line":17,"column":40},"end":{"line":17,"column":89}}]}},"b":{"0":[1],"1":[6],"2":[5],"3":[1],"4":[5],"5":[1],"6":[4],"7":[3],"8":[1],"9":[2],"10":[1],"11":[5],"12":[4],"13":[4]},"fnMap":{"0":{"name":"OrderService","decl":{"start":{"line":6,"column":2},"end":{"line":6,"column":65}},"loc":{"start":{"line":6,"column":2},"end":{"line":6,"column":65}},"line":6},"1":{"name":"process","decl":{"start":{"line":8,"column":2},"end":{"line":54,"column":3}},"loc":{"start":{"line":8,"column":2},"end":{"line":54,"column":3}},"line":8}},"f":{"0":1,"1":6}}
,"/Users/nals_macbook_275/Desktop/office/front-end-unitest/src/services/payment.service.ts": {"path":"/Users/nals_macbook_275/Desktop/office/front-end-unitest/src/services/payment.service.ts","all":false,"statementMap":{"0":{"start":{"line":1,"column":0},"end":{"line":1,"column":56}},"3":{"start":{"line":4,"column":0},"end":{"line":4,"column":29}},"4":{"start":{"line":5,"column":0},"end":{"line":5,"column":39}},"5":{"start":{"line":6,"column":0},"end":{"line":6,"column":25}},"6":{"start":{"line":7,"column":0},"end":{"line":7,"column":25}},"7":{"start":{"line":8,"column":0},"end":{"line":8,"column":24}},"8":{"start":{"line":9,"column":0},"end":{"line":9,"column":4}},"10":{"start":{"line":11,"column":0},"end":{"line":11,"column":42}},"11":{"start":{"line":12,"column":0},"end":{"line":12,"column":68}},"12":{"start":{"line":13,"column":0},"end":{"line":13,"column":44}},"14":{"start":{"line":15,"column":0},"end":{"line":15,"column":36}},"15":{"start":{"line":16,"column":0},"end":{"line":16,"column":7}},"17":{"start":{"line":18,"column":0},"end":{"line":18,"column":43}},"19":{"start":{"line":20,"column":0},"end":{"line":20,"column":36}},"20":{"start":{"line":21,"column":0},"end":{"line":21,"column":7}},"22":{"start":{"line":23,"column":0},"end":{"line":23,"column":22}},"23":{"start":{"line":24,"column":0},"end":{"line":24,"column":7}},"25":{"start":{"line":26,"column":0},"end":{"line":26,"column":37}},"26":{"start":{"line":27,"column":0},"end":{"line":27,"column":3}},"28":{"start":{"line":29,"column":0},"end":{"line":29,"column":34}},"29":{"start":{"line":30,"column":0},"end":{"line":30,"column":81}},"30":{"start":{"line":31,"column":0},"end":{"line":31,"column":3}},"31":{"start":{"line":32,"column":0},"end":{"line":32,"column":1}}},"s":{"0":1,"3":1,"4":1,"5":1,"6":1,"7":1,"8":1,"10":1,"11":4,"12":12,"14":4,"15":4,"17":12,"19":4,"20":4,"22":4,"23":4,"25":4,"26":4,"28":1,"29":1,"30":1,"31":1},"branchMap":{"0":{"type":"branch","line":4,"loc":{"start":{"line":4,"column":7},"end":{"line":32,"column":1}},"locations":[{"start":{"line":4,"column":7},"end":{"line":32,"column":1}}]},"1":{"type":"branch","line":11,"loc":{"start":{"line":11,"column":2},"end":{"line":27,"column":3}},"locations":[{"start":{"line":11,"column":2},"end":{"line":27,"column":3}}]},"2":{"type":"branch","line":12,"loc":{"start":{"line":12,"column":57},"end":{"line":24,"column":5}},"locations":[{"start":{"line":12,"column":57},"end":{"line":24,"column":5}}]},"3":{"type":"branch","line":13,"loc":{"start":{"line":13,"column":43},"end":{"line":16,"column":7}},"locations":[{"start":{"line":13,"column":43},"end":{"line":16,"column":7}}]},"4":{"type":"branch","line":16,"loc":{"start":{"line":16,"column":6},"end":{"line":18,"column":42}},"locations":[{"start":{"line":16,"column":6},"end":{"line":18,"column":42}}]},"5":{"type":"branch","line":18,"loc":{"start":{"line":18,"column":42},"end":{"line":23,"column":22}},"locations":[{"start":{"line":18,"column":42},"end":{"line":23,"column":22}}]},"6":{"type":"branch","line":29,"loc":{"start":{"line":29,"column":2},"end":{"line":31,"column":3}},"locations":[{"start":{"line":29,"column":2},"end":{"line":31,"column":3}}]}},"b":{"0":[1],"1":[4],"2":[12],"3":[4],"4":[8],"5":[4],"6":[1]},"fnMap":{"0":{"name":"<instance_members_initializer>","decl":{"start":{"line":4,"column":7},"end":{"line":32,"column":1}},"loc":{"start":{"line":4,"column":7},"end":{"line":32,"column":1}},"line":4},"1":{"name":"buildPaymentMethod","decl":{"start":{"line":11,"column":2},"end":{"line":27,"column":3}},"loc":{"start":{"line":11,"column":2},"end":{"line":27,"column":3}},"line":11},"2":{"name":"payViaLink","decl":{"start":{"line":29,"column":2},"end":{"line":31,"column":3}},"loc":{"start":{"line":29,"column":2},"end":{"line":31,"column":3}},"line":29}},"f":{"0":1,"1":4,"2":1}}
}
